<html xmlns:math="http://exslt.org/math" xmlns:testng="http://testng.org">
   <head>
      <title>TestNG Results</title>
      <meta http-equiv="content-type" content="text/html; charset=utf-8"></meta>
      <meta http-equiv="pragma" content="no-cache"></meta>
      <meta http-equiv="cache-control" content="max-age=0"></meta>
      <meta http-equiv="cache-control" content="no-cache"></meta>
      <meta http-equiv="cache-control" content="no-store"></meta>
      <LINK rel="stylesheet" href="style.css"></LINK>
      <script type="text/javascript" src="main.js"></script>
   </head>
   <body>
      <table width="100%" style="font-size: 16px; margin-bottom: 10px;" cellspacing="1">
         <tr>
            <td width="100%">
               Test case
               
               <b>WebIM_Base_Test_SingleMessageTest</b>
            </td>
            <td style="background-color: #FFBBBB; padding: 3px 3px 3px 0;" align="center">
               <div style="width: 50px;">1</div>
            </td>
            <td style="background-color: lightgreen; padding: 3px 3px 3px 0;" align="center">
               <div style="width: 50px;">3</div>
            </td>
            <td style="background-color: #FFFFBB; padding: 3px 3px 3px 0;" align="center">
               <div style="width: 50px;">0</div>
            </td>
            <td align="center" style="background-color: #eaf0f7; padding: 3px 3px 3px 0;">
               <div style="width: 50px;">4</div>
            </td>
            <td align="center"
                style="font-weight: bold; background-color: #eaf0f7; padding: 3px 3px 3px 0;">
               <div style="width: 50px;">75%</div>
            </td>
         </tr>
      </table>
      <div style="width: 200px;">
         <label for="groupMethodsCheckBox" style="font-weight: bold; margin: 0;">
            <input id="groupMethodsCheckBox" type="checkbox" onclick="switchTestMethodsView(this)"></input>
            Group by class
            
         </label>
         <br></br>
         <label for="methodsFilter_ALL" style="font-weight: bold; margin: 0;">
            <input id="methodsFilter_ALL" type="checkbox"
                   onclick="testMethodsFilterChanged(this, 'ALL')"></input>
            All
            
         </label>
      </div>
      <label for="methodsFilter_FAIL" style="margin-left: 20px;">
         <input id="methodsFilter_FAIL" type="checkbox"
                onclick="testMethodsFilterChanged(this, 'FAIL')"
                checked=""></input>
         Failed
         
      </label>
      <label for="methodsFilter_PASS">
         <input id="methodsFilter_PASS" type="checkbox"
                onclick="testMethodsFilterChanged(this, 'PASS')"
                checked=""></input>
         Passed
         
      </label>
      <label for="methodsFilter_SKIP">
         <input id="methodsFilter_SKIP" type="checkbox"
                onclick="testMethodsFilterChanged(this, 'SKIP')"
                checked=""></input>
         Skipped
         
      </label>
      <label for="methodsFilter_CONF">
         <input id="methodsFilter_CONF" type="checkbox"
                onclick="testMethodsFilterChanged(this, 'CONF')"></input>
         Config
         
      </label>
      <br></br>
      <div id="testMethodsByStatus">
         <table class="testMethodsTable" cellpadding="0" cellspacing="0">
            <tr class="methodsTableHeader">
               <td width="100%">Name</td>
               <td nowrap="true">Started</td>
               <td nowrap="true">Duration</td>
               <td>Exception</td>
            </tr>
            <tr id="com.easemob.webim.TestCases.SingleMessageTest_receiveOffLineMsg_byStatus_failed_FAIL1_row"
                class="testMethodStatusFAIL">
               <td width="100%" class="firstMethodCell">
                  <a onclick="toggleDetailsVisibility('com.easemob.webim.TestCases.SingleMessageTest_receiveOffLineMsg_byStatus_failed_FAIL1_details')">receiveOffLineMsg()</a>
               </td>
               <td nowrap="true">16:00:16</td>
               <td nowrap="true" align="right">25s
                  
               </td>
               <td nowrap="true">
                  <a onclick="toggleDetailsVisibility('com.easemob.webim.TestCases.SingleMessageTest_receiveOffLineMsg_byStatus_failed_FAIL1_exception')">org.openqa.selenium.TimeoutException: 
                     Expected condition failed: waiting for com.easemob.webim.CommonFunction.WebIMTestBase$$Lambda$11/166730169@3e655340 (tried
                     for 5 second(s) with 500 MILLISECONDS interval)
                     Build info: version: '3.0.1', revision: '1969d75', time: '2016-10-18 09:49:13 -0700'
                     System info: host: 'DESKTOP-CLEH5JC', ip: '172.17.1.177', os.name: 'Windows 10', os.arch: 'amd64', os.version: '10.0', java.version:
                     '1.8.0_102'
                     Driver info: org.openqa.selenium.chrome.ChromeDriver
                     Capabilities [{applicationCacheEnabled=false, rotatable=false, mobileEmulationEnabled=false, networkConnectionEnabled=false,
                     chrome={chromedriverVersion=2.25.426923 (0390b88869384d6eb0d5d09729679f934aab9eed), userDataDir=C:\Users\gaozhq\AppData\Local\Temp\scoped_dir14436_24002},
                     takesHeapSnapshot=true, pageLoadStrategy=normal, databaseEnabled=false, handlesAlerts=true, hasTouchScreen=false, version=58.0.3029.110,
                     platform=XP, browserConnectionEnabled=false, nativeEvents=true, acceptSslCerts=true, locationContextEnabled=true, webStorageEnabled=true,
                     browserName=chrome, takesScreenshot=true, javascriptEnabled=true, cssSelectorsEnabled=true}]
                     Session ID: f0a007169e08fc99bfd2092c9390396b
                     
                  </a>
                   
                  
               </td>
            </tr>
            <tr>
               <td colspan="4"
                   style="padding: 0; background-color: white; border-style: none; height: 0px;">
                  <div id="com.easemob.webim.TestCases.SingleMessageTest_receiveOffLineMsg_byStatus_failed_FAIL1_details"
                       class="testMethodDetails">
                     <div>
                        <b>Name:
                           
                        </b>receiveOffLineMsg
                     </div>
                     <div>
                        <b>Signature:
                           
                        </b>receiveOffLineMsg()[pri:0, instance:com.easemob.webim.TestCases.SingleMessageTest@55a1c291]
                     </div>
                     <div>
                        <b>Start time:
                           
                        </b>16:00:16
                     </div>
                     <div>
                        <b>End time:
                           
                        </b>16:00:41
                     </div>
                     <div>
                        <b>Duration:
                           
                        </b>25s
                        
                     </div>
                     <div>
                        <b>Depends on methods:
                           
                        </b>
                        <div>
                               -
                           com.easemob.webim.TestCases.SingleMessageTest.sendOffLineMsg
                        </div>
                     </div>
                  </div>
               </td>
            </tr>
            <tr>
               <td colspan="4"
                   style="padding: 0; background-color: white; border-style: none; height: 0px;">
                  <div id="com.easemob.webim.TestCases.SingleMessageTest_receiveOffLineMsg_byStatus_failed_FAIL1_exception"
                       class="testMethodDetails">
                     <pre style="padding: 5px; margin: 0;">org.openqa.selenium.TimeoutException: Expected condition failed: waiting for com.easemob.webim.CommonFunction.WebIMTestBase$$Lambda$11/166730169@3e655340
                        (tried for 5 second(s) with 500 MILLISECONDS interval)
                        Build info: version: '3.0.1', revision: '1969d75', time: '2016-10-18 09:49:13 -0700'
                        System info: host: 'DESKTOP-CLEH5JC', ip: '172.17.1.177', os.name: 'Windows 10', os.arch: 'amd64', os.version: '10.0', java.version:
                        '1.8.0_102'
                        Driver info: org.openqa.selenium.chrome.ChromeDriver
                        Capabilities [{applicationCacheEnabled=false, rotatable=false, mobileEmulationEnabled=false, networkConnectionEnabled=false,
                        chrome={chromedriverVersion=2.25.426923 (0390b88869384d6eb0d5d09729679f934aab9eed), userDataDir=C:\Users\gaozhq\AppData\Local\Temp\scoped_dir14436_24002},
                        takesHeapSnapshot=true, pageLoadStrategy=normal, databaseEnabled=false, handlesAlerts=true, hasTouchScreen=false, version=58.0.3029.110,
                        platform=XP, browserConnectionEnabled=false, nativeEvents=true, acceptSslCerts=true, locationContextEnabled=true, webStorageEnabled=true,
                        browserName=chrome, takesScreenshot=true, javascriptEnabled=true, cssSelectorsEnabled=true}]
                        Session ID: f0a007169e08fc99bfd2092c9390396b
                        	at org.openqa.selenium.support.ui.WebDriverWait.timeoutException(WebDriverWait.java:80)
                        	at org.openqa.selenium.support.ui.FluentWait.until(FluentWait.java:265)
                        	at com.easemob.webim.CommonFunction.WebIMTestBase.findElement(WebIMTestBase.java:417)
                        	at com.easemob.webim.CommonFunction.WebIMTestBase.findElement(WebIMTestBase.java:421)
                        	at com.easemob.webim.CommonFunction.WebIMTestBase.cleanSingleMessage(WebIMTestBase.java:315)
                        	at com.easemob.webim.TestCases.SingleMessageTest.receiveOffLineMsg(SingleMessageTest.java:121)
                        	at sun.reflect.NativeMethodAccessorImpl.invoke0(Native Method)
                        	at sun.reflect.NativeMethodAccessorImpl.invoke(NativeMethodAccessorImpl.java:62)
                        	at sun.reflect.DelegatingMethodAccessorImpl.invoke(DelegatingMethodAccessorImpl.java:43)
                        	at java.lang.reflect.Method.invoke(Method.java:498)
                        	at org.testng.internal.MethodInvocationHelper.invokeMethod(MethodInvocationHelper.java:86)
                        	at org.testng.internal.Invoker.invokeMethod(Invoker.java:643)
                        	at org.testng.internal.Invoker.invokeTestMethod(Invoker.java:820)
                        	at org.testng.internal.Invoker.invokeTestMethods(Invoker.java:1128)
                        	at org.testng.internal.TestMethodWorker.invokeTestMethods(TestMethodWorker.java:129)
                        	at org.testng.internal.TestMethodWorker.run(TestMethodWorker.java:112)
                        	at org.testng.TestRunner.privateRun(TestRunner.java:782)
                        	at org.testng.TestRunner.run(TestRunner.java:632)
                        	at org.testng.SuiteRunner.runTest(SuiteRunner.java:366)
                        	at org.testng.SuiteRunner.access$000(SuiteRunner.java:39)
                        	at org.testng.SuiteRunner$SuiteWorker.run(SuiteRunner.java:400)
                        	at org.testng.internal.thread.ThreadUtil$2.call(ThreadUtil.java:64)
                        	at java.util.concurrent.FutureTask.run(FutureTask.java:266)
                        	at java.util.concurrent.ThreadPoolExecutor.runWorker(ThreadPoolExecutor.java:1142)
                        	at java.util.concurrent.ThreadPoolExecutor$Worker.run(ThreadPoolExecutor.java:617)
                        	at java.lang.Thread.run(Thread.java:745)
                        Caused by: org.openqa.selenium.NoSuchElementException: no such element: Unable to locate element: {"method":"xpath","selector":"//div[@class='webim-chatwindow-options']/span[7]"}
                        (Session info: chrome=58.0.3029.110)
                        (Driver info: chromedriver=2.25.426923 (0390b88869384d6eb0d5d09729679f934aab9eed),platform=Windows NT 10.0.14393 x86_64) (WARNING:
                        The server did not provide any stacktrace information)
                        Command duration or timeout: 23 milliseconds
                        For documentation on this error, please visit: http://seleniumhq.org/exceptions/no_such_element.html
                        Build info: version: '3.0.1', revision: '1969d75', time: '2016-10-18 09:49:13 -0700'
                        System info: host: 'DESKTOP-CLEH5JC', ip: '172.17.1.177', os.name: 'Windows 10', os.arch: 'amd64', os.version: '10.0', java.version:
                        '1.8.0_102'
                        Driver info: org.openqa.selenium.chrome.ChromeDriver
                        Capabilities [{applicationCacheEnabled=false, rotatable=false, mobileEmulationEnabled=false, networkConnectionEnabled=false,
                        chrome={chromedriverVersion=2.25.426923 (0390b88869384d6eb0d5d09729679f934aab9eed), userDataDir=C:\Users\gaozhq\AppData\Local\Temp\scoped_dir14436_24002},
                        takesHeapSnapshot=true, pageLoadStrategy=normal, databaseEnabled=false, handlesAlerts=true, hasTouchScreen=false, version=58.0.3029.110,
                        platform=XP, browserConnectionEnabled=false, nativeEvents=true, acceptSslCerts=true, locationContextEnabled=true, webStorageEnabled=true,
                        browserName=chrome, takesScreenshot=true, javascriptEnabled=true, cssSelectorsEnabled=true}]
                        Session ID: f0a007169e08fc99bfd2092c9390396b
                        *** Element info: {Using=xpath, value=//div[@class='webim-chatwindow-options']/span[7]}
                        	at sun.reflect.GeneratedConstructorAccessor28.newInstance(Unknown Source)
                        	at sun.reflect.DelegatingConstructorAccessorImpl.newInstance(DelegatingConstructorAccessorImpl.java:45)
                        	at java.lang.reflect.Constructor.newInstance(Constructor.java:423)
                        	at org.openqa.selenium.remote.ErrorHandler.createThrowable(ErrorHandler.java:216)
                        	at org.openqa.selenium.remote.ErrorHandler.throwIfResponseFailed(ErrorHandler.java:168)
                        	at org.openqa.selenium.remote.RemoteWebDriver.execute(RemoteWebDriver.java:635)
                        	at org.openqa.selenium.remote.RemoteWebDriver.findElement(RemoteWebDriver.java:368)
                        	at org.openqa.selenium.remote.RemoteWebDriver.findElementByXPath(RemoteWebDriver.java:473)
                        	at org.openqa.selenium.By$ByXPath.findElement(By.java:361)
                        	at org.openqa.selenium.remote.RemoteWebDriver.findElement(RemoteWebDriver.java:360)
                        	at com.easemob.webim.CommonFunction.WebIMTestBase.lambda$findElement$0(WebIMTestBase.java:415)
                        	at org.openqa.selenium.support.ui.FluentWait.until(FluentWait.java:238)
                        	... 24 more
                     </pre>
                  </div>
               </td>
            </tr>
            <tr id="com.easemob.webim.TestCases.SingleMessageTest_setup_byStatus_passed_PASS1_row"
                class="testMethodStatusPASS testMethodStatusCONF">
               <td width="100%" class="firstMethodCell">
                  <a onclick="toggleDetailsVisibility('com.easemob.webim.TestCases.SingleMessageTest_setup_byStatus_passed_PASS1_details')">setup()</a>
               </td>
               <td nowrap="true">15:59:11</td>
               <td nowrap="true" align="right">2s
                  
               </td>
               <td nowrap="true">
                   
                  
               </td>
            </tr>
            <tr>
               <td colspan="4"
                   style="padding: 0; background-color: white; border-style: none; height: 0px;">
                  <div id="com.easemob.webim.TestCases.SingleMessageTest_setup_byStatus_passed_PASS1_details"
                       class="testMethodDetails">
                     <div>
                        <b>Name:
                           
                        </b>setup
                     </div>
                     <div>
                        <b>Signature:
                           
                        </b>setup()[pri:0, instance:com.easemob.webim.TestCases.SingleMessageTest@55a1c291]
                     </div>
                     <div>
                        <b>Start time:
                           
                        </b>15:59:11
                     </div>
                     <div>
                        <b>End time:
                           
                        </b>15:59:12
                     </div>
                     <div>
                        <b>Duration:
                           
                        </b>2s
                        
                     </div>
                  </div>
               </td>
            </tr>
            <tr></tr>
            <tr id="com.easemob.webim.TestCases.SingleMessageTest_sendOnLineMsg_byStatus_passed_PASS2_row"
                class="testMethodStatusPASS">
               <td width="100%" class="firstMethodCell">
                  <a onclick="toggleDetailsVisibility('com.easemob.webim.TestCases.SingleMessageTest_sendOnLineMsg_byStatus_passed_PASS2_details')">sendOnLineMsg([#document: null])</a>
               </td>
               <td nowrap="true">15:59:12</td>
               <td nowrap="true" align="right">47s
                  
               </td>
               <td nowrap="true">
                   
                  
               </td>
            </tr>
            <tr>
               <td colspan="4"
                   style="padding: 0; background-color: white; border-style: none; height: 0px;">
                  <div id="com.easemob.webim.TestCases.SingleMessageTest_sendOnLineMsg_byStatus_passed_PASS2_details"
                       class="testMethodDetails">
                     <div>
                        <b>Name:
                           
                        </b>sendOnLineMsg
                     </div>
                     <div>
                        <b>Signature:
                           
                        </b>sendOnLineMsg(org.w3c.dom.Document)[pri:0, instance:com.easemob.webim.TestCases.SingleMessageTest@55a1c291]
                     </div>
                     <div>
                        <b>Parameters:
                           
                        </b>
                        
                        [#document: null]
                        
                        
                     </div>
                     <div>
                        <b>Start time:
                           
                        </b>15:59:12
                     </div>
                     <div>
                        <b>End time:
                           
                        </b>15:59:59
                     </div>
                     <div>
                        <b>Duration:
                           
                        </b>47s
                        
                     </div>
                  </div>
               </td>
            </tr>
            <tr></tr>
            <tr id="com.easemob.webim.TestCases.SingleMessageTest_receiveOnLineMsg_byStatus_passed_PASS3_row"
                class="testMethodStatusPASS">
               <td width="100%" class="firstMethodCell">
                  <a onclick="toggleDetailsVisibility('com.easemob.webim.TestCases.SingleMessageTest_receiveOnLineMsg_byStatus_passed_PASS3_details')">receiveOnLineMsg()</a>
               </td>
               <td nowrap="true">15:59:59</td>
               <td nowrap="true" align="right">7s
                  
               </td>
               <td nowrap="true">
                   
                  
               </td>
            </tr>
            <tr>
               <td colspan="4"
                   style="padding: 0; background-color: white; border-style: none; height: 0px;">
                  <div id="com.easemob.webim.TestCases.SingleMessageTest_receiveOnLineMsg_byStatus_passed_PASS3_details"
                       class="testMethodDetails">
                     <div>
                        <b>Name:
                           
                        </b>receiveOnLineMsg
                     </div>
                     <div>
                        <b>Signature:
                           
                        </b>receiveOnLineMsg()[pri:0, instance:com.easemob.webim.TestCases.SingleMessageTest@55a1c291]
                     </div>
                     <div>
                        <b>Start time:
                           
                        </b>15:59:59
                     </div>
                     <div>
                        <b>End time:
                           
                        </b>16:00:06
                     </div>
                     <div>
                        <b>Duration:
                           
                        </b>7s
                        
                     </div>
                     <div>
                        <b>Depends on methods:
                           
                        </b>
                        <div>
                               -
                           com.easemob.webim.TestCases.SingleMessageTest.sendOnLineMsg
                        </div>
                     </div>
                  </div>
               </td>
            </tr>
            <tr></tr>
            <tr id="com.easemob.webim.TestCases.SingleMessageTest_sendOffLineMsg_byStatus_passed_PASS4_row"
                class="testMethodStatusPASS">
               <td width="100%" class="firstMethodCell">
                  <a onclick="toggleDetailsVisibility('com.easemob.webim.TestCases.SingleMessageTest_sendOffLineMsg_byStatus_passed_PASS4_details')">sendOffLineMsg()</a>
               </td>
               <td nowrap="true">16:00:06</td>
               <td nowrap="true" align="right">9s
                  
               </td>
               <td nowrap="true">
                   
                  
               </td>
            </tr>
            <tr>
               <td colspan="4"
                   style="padding: 0; background-color: white; border-style: none; height: 0px;">
                  <div id="com.easemob.webim.TestCases.SingleMessageTest_sendOffLineMsg_byStatus_passed_PASS4_details"
                       class="testMethodDetails">
                     <div>
                        <b>Name:
                           
                        </b>sendOffLineMsg
                     </div>
                     <div>
                        <b>Signature:
                           
                        </b>sendOffLineMsg()[pri:0, instance:com.easemob.webim.TestCases.SingleMessageTest@55a1c291]
                     </div>
                     <div>
                        <b>Start time:
                           
                        </b>16:00:06
                     </div>
                     <div>
                        <b>End time:
                           
                        </b>16:00:16
                     </div>
                     <div>
                        <b>Duration:
                           
                        </b>9s
                        
                     </div>
                     <div>
                        <b>Depends on methods:
                           
                        </b>
                        <div>
                               -
                           com.easemob.webim.TestCases.SingleMessageTest.receiveOnLineMsg
                        </div>
                     </div>
                  </div>
               </td>
            </tr>
            <tr></tr>
            <tr id="com.easemob.webim.TestCases.SingleMessageTest_teardown_byStatus_passed_PASS5_row"
                class="testMethodStatusPASS testMethodStatusCONF">
               <td width="100%" class="firstMethodCell">
                  <a onclick="toggleDetailsVisibility('com.easemob.webim.TestCases.SingleMessageTest_teardown_byStatus_passed_PASS5_details')">teardown()</a>
               </td>
               <td nowrap="true">16:00:41</td>
               <td nowrap="true" align="right">2s
                  
               </td>
               <td nowrap="true">
                   
                  
               </td>
            </tr>
            <tr>
               <td colspan="4"
                   style="padding: 0; background-color: white; border-style: none; height: 0px;">
                  <div id="com.easemob.webim.TestCases.SingleMessageTest_teardown_byStatus_passed_PASS5_details"
                       class="testMethodDetails">
                     <div>
                        <b>Name:
                           
                        </b>teardown
                     </div>
                     <div>
                        <b>Signature:
                           
                        </b>teardown()[pri:0, instance:com.easemob.webim.TestCases.SingleMessageTest@55a1c291]
                     </div>
                     <div>
                        <b>Start time:
                           
                        </b>16:00:41
                     </div>
                     <div>
                        <b>End time:
                           
                        </b>16:00:43
                     </div>
                     <div>
                        <b>Duration:
                           
                        </b>2s
                        
                     </div>
                  </div>
               </td>
            </tr>
            <tr></tr>
         </table>
      </div>
      <div id="testMethodsByClass" style="display: none;">
         <table class="testMethodsTable" cellpadding="0" cellspacing="0">
            <tr>
               <td colspan="4">
                  <h3 style="display: inline;">com.easemob.webim.TestCases.SingleMessageTest</h3>
               </td>
            </tr>
            <tr class="methodsTableHeader">
               <td width="100%">Name</td>
               <td nowrap="true">Started</td>
               <td nowrap="true">Duration</td>
               <td>Exception</td>
            </tr>
            <tr id="com.easemob.webim.TestCases.SingleMessageTest_setup_byClass_PASS1_row"
                class="testMethodStatusPASS testMethodStatusCONF">
               <td width="100%" class="firstMethodCell">
                  <a onclick="toggleDetailsVisibility('com.easemob.webim.TestCases.SingleMessageTest_setup_byClass_PASS1_details')">setup()</a>
               </td>
               <td nowrap="true">15:59:11</td>
               <td nowrap="true" align="right">2s
                  
               </td>
               <td nowrap="true">
                   
                  
               </td>
            </tr>
            <tr>
               <td colspan="4"
                   style="padding: 0; background-color: white; border-style: none; height: 0px;">
                  <div id="com.easemob.webim.TestCases.SingleMessageTest_setup_byClass_PASS1_details"
                       class="testMethodDetails">
                     <div>
                        <b>Name:
                           
                        </b>setup
                     </div>
                     <div>
                        <b>Signature:
                           
                        </b>setup()[pri:0, instance:com.easemob.webim.TestCases.SingleMessageTest@55a1c291]
                     </div>
                     <div>
                        <b>Start time:
                           
                        </b>15:59:11
                     </div>
                     <div>
                        <b>End time:
                           
                        </b>15:59:12
                     </div>
                     <div>
                        <b>Duration:
                           
                        </b>2s
                        
                     </div>
                  </div>
               </td>
            </tr>
            <tr></tr>
            <tr id="com.easemob.webim.TestCases.SingleMessageTest_sendOnLineMsg_byClass_PASS2_row"
                class="testMethodStatusPASS">
               <td width="100%" class="firstMethodCell">
                  <a onclick="toggleDetailsVisibility('com.easemob.webim.TestCases.SingleMessageTest_sendOnLineMsg_byClass_PASS2_details')">sendOnLineMsg([#document: null])</a>
               </td>
               <td nowrap="true">15:59:12</td>
               <td nowrap="true" align="right">47s
                  
               </td>
               <td nowrap="true">
                   
                  
               </td>
            </tr>
            <tr>
               <td colspan="4"
                   style="padding: 0; background-color: white; border-style: none; height: 0px;">
                  <div id="com.easemob.webim.TestCases.SingleMessageTest_sendOnLineMsg_byClass_PASS2_details"
                       class="testMethodDetails">
                     <div>
                        <b>Name:
                           
                        </b>sendOnLineMsg
                     </div>
                     <div>
                        <b>Signature:
                           
                        </b>sendOnLineMsg(org.w3c.dom.Document)[pri:0, instance:com.easemob.webim.TestCases.SingleMessageTest@55a1c291]
                     </div>
                     <div>
                        <b>Parameters:
                           
                        </b>
                        
                        [#document: null]
                        
                        
                     </div>
                     <div>
                        <b>Start time:
                           
                        </b>15:59:12
                     </div>
                     <div>
                        <b>End time:
                           
                        </b>15:59:59
                     </div>
                     <div>
                        <b>Duration:
                           
                        </b>47s
                        
                     </div>
                  </div>
               </td>
            </tr>
            <tr></tr>
            <tr id="com.easemob.webim.TestCases.SingleMessageTest_receiveOnLineMsg_byClass_PASS3_row"
                class="testMethodStatusPASS">
               <td width="100%" class="firstMethodCell">
                  <a onclick="toggleDetailsVisibility('com.easemob.webim.TestCases.SingleMessageTest_receiveOnLineMsg_byClass_PASS3_details')">receiveOnLineMsg()</a>
               </td>
               <td nowrap="true">15:59:59</td>
               <td nowrap="true" align="right">7s
                  
               </td>
               <td nowrap="true">
                   
                  
               </td>
            </tr>
            <tr>
               <td colspan="4"
                   style="padding: 0; background-color: white; border-style: none; height: 0px;">
                  <div id="com.easemob.webim.TestCases.SingleMessageTest_receiveOnLineMsg_byClass_PASS3_details"
                       class="testMethodDetails">
                     <div>
                        <b>Name:
                           
                        </b>receiveOnLineMsg
                     </div>
                     <div>
                        <b>Signature:
                           
                        </b>receiveOnLineMsg()[pri:0, instance:com.easemob.webim.TestCases.SingleMessageTest@55a1c291]
                     </div>
                     <div>
                        <b>Start time:
                           
                        </b>15:59:59
                     </div>
                     <div>
                        <b>End time:
                           
                        </b>16:00:06
                     </div>
                     <div>
                        <b>Duration:
                           
                        </b>7s
                        
                     </div>
                     <div>
                        <b>Depends on methods:
                           
                        </b>
                        <div>
                               -
                           com.easemob.webim.TestCases.SingleMessageTest.sendOnLineMsg
                        </div>
                     </div>
                  </div>
               </td>
            </tr>
            <tr></tr>
            <tr id="com.easemob.webim.TestCases.SingleMessageTest_sendOffLineMsg_byClass_PASS4_row"
                class="testMethodStatusPASS">
               <td width="100%" class="firstMethodCell">
                  <a onclick="toggleDetailsVisibility('com.easemob.webim.TestCases.SingleMessageTest_sendOffLineMsg_byClass_PASS4_details')">sendOffLineMsg()</a>
               </td>
               <td nowrap="true">16:00:06</td>
               <td nowrap="true" align="right">9s
                  
               </td>
               <td nowrap="true">
                   
                  
               </td>
            </tr>
            <tr>
               <td colspan="4"
                   style="padding: 0; background-color: white; border-style: none; height: 0px;">
                  <div id="com.easemob.webim.TestCases.SingleMessageTest_sendOffLineMsg_byClass_PASS4_details"
                       class="testMethodDetails">
                     <div>
                        <b>Name:
                           
                        </b>sendOffLineMsg
                     </div>
                     <div>
                        <b>Signature:
                           
                        </b>sendOffLineMsg()[pri:0, instance:com.easemob.webim.TestCases.SingleMessageTest@55a1c291]
                     </div>
                     <div>
                        <b>Start time:
                           
                        </b>16:00:06
                     </div>
                     <div>
                        <b>End time:
                           
                        </b>16:00:16
                     </div>
                     <div>
                        <b>Duration:
                           
                        </b>9s
                        
                     </div>
                     <div>
                        <b>Depends on methods:
                           
                        </b>
                        <div>
                               -
                           com.easemob.webim.TestCases.SingleMessageTest.receiveOnLineMsg
                        </div>
                     </div>
                  </div>
               </td>
            </tr>
            <tr></tr>
            <tr id="com.easemob.webim.TestCases.SingleMessageTest_receiveOffLineMsg_byClass_FAIL5_row"
                class="testMethodStatusFAIL">
               <td width="100%" class="firstMethodCell">
                  <a onclick="toggleDetailsVisibility('com.easemob.webim.TestCases.SingleMessageTest_receiveOffLineMsg_byClass_FAIL5_details')">receiveOffLineMsg()</a>
               </td>
               <td nowrap="true">16:00:16</td>
               <td nowrap="true" align="right">25s
                  
               </td>
               <td nowrap="true">
                  <a onclick="toggleDetailsVisibility('com.easemob.webim.TestCases.SingleMessageTest_receiveOffLineMsg_byClass_FAIL5_exception')">org.openqa.selenium.TimeoutException: 
                     Expected condition failed: waiting for com.easemob.webim.CommonFunction.WebIMTestBase$$Lambda$11/166730169@3e655340 (tried
                     for 5 second(s) with 500 MILLISECONDS interval)
                     Build info: version: '3.0.1', revision: '1969d75', time: '2016-10-18 09:49:13 -0700'
                     System info: host: 'DESKTOP-CLEH5JC', ip: '172.17.1.177', os.name: 'Windows 10', os.arch: 'amd64', os.version: '10.0', java.version:
                     '1.8.0_102'
                     Driver info: org.openqa.selenium.chrome.ChromeDriver
                     Capabilities [{applicationCacheEnabled=false, rotatable=false, mobileEmulationEnabled=false, networkConnectionEnabled=false,
                     chrome={chromedriverVersion=2.25.426923 (0390b88869384d6eb0d5d09729679f934aab9eed), userDataDir=C:\Users\gaozhq\AppData\Local\Temp\scoped_dir14436_24002},
                     takesHeapSnapshot=true, pageLoadStrategy=normal, databaseEnabled=false, handlesAlerts=true, hasTouchScreen=false, version=58.0.3029.110,
                     platform=XP, browserConnectionEnabled=false, nativeEvents=true, acceptSslCerts=true, locationContextEnabled=true, webStorageEnabled=true,
                     browserName=chrome, takesScreenshot=true, javascriptEnabled=true, cssSelectorsEnabled=true}]
                     Session ID: f0a007169e08fc99bfd2092c9390396b
                     
                  </a>
                   
                  
               </td>
            </tr>
            <tr>
               <td colspan="4"
                   style="padding: 0; background-color: white; border-style: none; height: 0px;">
                  <div id="com.easemob.webim.TestCases.SingleMessageTest_receiveOffLineMsg_byClass_FAIL5_details"
                       class="testMethodDetails">
                     <div>
                        <b>Name:
                           
                        </b>receiveOffLineMsg
                     </div>
                     <div>
                        <b>Signature:
                           
                        </b>receiveOffLineMsg()[pri:0, instance:com.easemob.webim.TestCases.SingleMessageTest@55a1c291]
                     </div>
                     <div>
                        <b>Start time:
                           
                        </b>16:00:16
                     </div>
                     <div>
                        <b>End time:
                           
                        </b>16:00:41
                     </div>
                     <div>
                        <b>Duration:
                           
                        </b>25s
                        
                     </div>
                     <div>
                        <b>Depends on methods:
                           
                        </b>
                        <div>
                               -
                           com.easemob.webim.TestCases.SingleMessageTest.sendOffLineMsg
                        </div>
                     </div>
                  </div>
               </td>
            </tr>
            <tr>
               <td colspan="4"
                   style="padding: 0; background-color: white; border-style: none; height: 0px;">
                  <div id="com.easemob.webim.TestCases.SingleMessageTest_receiveOffLineMsg_byClass_FAIL5_exception"
                       class="testMethodDetails">
                     <pre style="padding: 5px; margin: 0;">org.openqa.selenium.TimeoutException: Expected condition failed: waiting for com.easemob.webim.CommonFunction.WebIMTestBase$$Lambda$11/166730169@3e655340
                        (tried for 5 second(s) with 500 MILLISECONDS interval)
                        Build info: version: '3.0.1', revision: '1969d75', time: '2016-10-18 09:49:13 -0700'
                        System info: host: 'DESKTOP-CLEH5JC', ip: '172.17.1.177', os.name: 'Windows 10', os.arch: 'amd64', os.version: '10.0', java.version:
                        '1.8.0_102'
                        Driver info: org.openqa.selenium.chrome.ChromeDriver
                        Capabilities [{applicationCacheEnabled=false, rotatable=false, mobileEmulationEnabled=false, networkConnectionEnabled=false,
                        chrome={chromedriverVersion=2.25.426923 (0390b88869384d6eb0d5d09729679f934aab9eed), userDataDir=C:\Users\gaozhq\AppData\Local\Temp\scoped_dir14436_24002},
                        takesHeapSnapshot=true, pageLoadStrategy=normal, databaseEnabled=false, handlesAlerts=true, hasTouchScreen=false, version=58.0.3029.110,
                        platform=XP, browserConnectionEnabled=false, nativeEvents=true, acceptSslCerts=true, locationContextEnabled=true, webStorageEnabled=true,
                        browserName=chrome, takesScreenshot=true, javascriptEnabled=true, cssSelectorsEnabled=true}]
                        Session ID: f0a007169e08fc99bfd2092c9390396b
                        	at org.openqa.selenium.support.ui.WebDriverWait.timeoutException(WebDriverWait.java:80)
                        	at org.openqa.selenium.support.ui.FluentWait.until(FluentWait.java:265)
                        	at com.easemob.webim.CommonFunction.WebIMTestBase.findElement(WebIMTestBase.java:417)
                        	at com.easemob.webim.CommonFunction.WebIMTestBase.findElement(WebIMTestBase.java:421)
                        	at com.easemob.webim.CommonFunction.WebIMTestBase.cleanSingleMessage(WebIMTestBase.java:315)
                        	at com.easemob.webim.TestCases.SingleMessageTest.receiveOffLineMsg(SingleMessageTest.java:121)
                        	at sun.reflect.NativeMethodAccessorImpl.invoke0(Native Method)
                        	at sun.reflect.NativeMethodAccessorImpl.invoke(NativeMethodAccessorImpl.java:62)
                        	at sun.reflect.DelegatingMethodAccessorImpl.invoke(DelegatingMethodAccessorImpl.java:43)
                        	at java.lang.reflect.Method.invoke(Method.java:498)
                        	at org.testng.internal.MethodInvocationHelper.invokeMethod(MethodInvocationHelper.java:86)
                        	at org.testng.internal.Invoker.invokeMethod(Invoker.java:643)
                        	at org.testng.internal.Invoker.invokeTestMethod(Invoker.java:820)
                        	at org.testng.internal.Invoker.invokeTestMethods(Invoker.java:1128)
                        	at org.testng.internal.TestMethodWorker.invokeTestMethods(TestMethodWorker.java:129)
                        	at org.testng.internal.TestMethodWorker.run(TestMethodWorker.java:112)
                        	at org.testng.TestRunner.privateRun(TestRunner.java:782)
                        	at org.testng.TestRunner.run(TestRunner.java:632)
                        	at org.testng.SuiteRunner.runTest(SuiteRunner.java:366)
                        	at org.testng.SuiteRunner.access$000(SuiteRunner.java:39)
                        	at org.testng.SuiteRunner$SuiteWorker.run(SuiteRunner.java:400)
                        	at org.testng.internal.thread.ThreadUtil$2.call(ThreadUtil.java:64)
                        	at java.util.concurrent.FutureTask.run(FutureTask.java:266)
                        	at java.util.concurrent.ThreadPoolExecutor.runWorker(ThreadPoolExecutor.java:1142)
                        	at java.util.concurrent.ThreadPoolExecutor$Worker.run(ThreadPoolExecutor.java:617)
                        	at java.lang.Thread.run(Thread.java:745)
                        Caused by: org.openqa.selenium.NoSuchElementException: no such element: Unable to locate element: {"method":"xpath","selector":"//div[@class='webim-chatwindow-options']/span[7]"}
                        (Session info: chrome=58.0.3029.110)
                        (Driver info: chromedriver=2.25.426923 (0390b88869384d6eb0d5d09729679f934aab9eed),platform=Windows NT 10.0.14393 x86_64) (WARNING:
                        The server did not provide any stacktrace information)
                        Command duration or timeout: 23 milliseconds
                        For documentation on this error, please visit: http://seleniumhq.org/exceptions/no_such_element.html
                        Build info: version: '3.0.1', revision: '1969d75', time: '2016-10-18 09:49:13 -0700'
                        System info: host: 'DESKTOP-CLEH5JC', ip: '172.17.1.177', os.name: 'Windows 10', os.arch: 'amd64', os.version: '10.0', java.version:
                        '1.8.0_102'
                        Driver info: org.openqa.selenium.chrome.ChromeDriver
                        Capabilities [{applicationCacheEnabled=false, rotatable=false, mobileEmulationEnabled=false, networkConnectionEnabled=false,
                        chrome={chromedriverVersion=2.25.426923 (0390b88869384d6eb0d5d09729679f934aab9eed), userDataDir=C:\Users\gaozhq\AppData\Local\Temp\scoped_dir14436_24002},
                        takesHeapSnapshot=true, pageLoadStrategy=normal, databaseEnabled=false, handlesAlerts=true, hasTouchScreen=false, version=58.0.3029.110,
                        platform=XP, browserConnectionEnabled=false, nativeEvents=true, acceptSslCerts=true, locationContextEnabled=true, webStorageEnabled=true,
                        browserName=chrome, takesScreenshot=true, javascriptEnabled=true, cssSelectorsEnabled=true}]
                        Session ID: f0a007169e08fc99bfd2092c9390396b
                        *** Element info: {Using=xpath, value=//div[@class='webim-chatwindow-options']/span[7]}
                        	at sun.reflect.GeneratedConstructorAccessor28.newInstance(Unknown Source)
                        	at sun.reflect.DelegatingConstructorAccessorImpl.newInstance(DelegatingConstructorAccessorImpl.java:45)
                        	at java.lang.reflect.Constructor.newInstance(Constructor.java:423)
                        	at org.openqa.selenium.remote.ErrorHandler.createThrowable(ErrorHandler.java:216)
                        	at org.openqa.selenium.remote.ErrorHandler.throwIfResponseFailed(ErrorHandler.java:168)
                        	at org.openqa.selenium.remote.RemoteWebDriver.execute(RemoteWebDriver.java:635)
                        	at org.openqa.selenium.remote.RemoteWebDriver.findElement(RemoteWebDriver.java:368)
                        	at org.openqa.selenium.remote.RemoteWebDriver.findElementByXPath(RemoteWebDriver.java:473)
                        	at org.openqa.selenium.By$ByXPath.findElement(By.java:361)
                        	at org.openqa.selenium.remote.RemoteWebDriver.findElement(RemoteWebDriver.java:360)
                        	at com.easemob.webim.CommonFunction.WebIMTestBase.lambda$findElement$0(WebIMTestBase.java:415)
                        	at org.openqa.selenium.support.ui.FluentWait.until(FluentWait.java:238)
                        	... 24 more
                     </pre>
                  </div>
               </td>
            </tr>
            <tr id="com.easemob.webim.TestCases.SingleMessageTest_teardown_byClass_PASS6_row"
                class="testMethodStatusPASS testMethodStatusCONF">
               <td width="100%" class="firstMethodCell">
                  <a onclick="toggleDetailsVisibility('com.easemob.webim.TestCases.SingleMessageTest_teardown_byClass_PASS6_details')">teardown()</a>
               </td>
               <td nowrap="true">16:00:41</td>
               <td nowrap="true" align="right">2s
                  
               </td>
               <td nowrap="true">
                   
                  
               </td>
            </tr>
            <tr>
               <td colspan="4"
                   style="padding: 0; background-color: white; border-style: none; height: 0px;">
                  <div id="com.easemob.webim.TestCases.SingleMessageTest_teardown_byClass_PASS6_details"
                       class="testMethodDetails">
                     <div>
                        <b>Name:
                           
                        </b>teardown
                     </div>
                     <div>
                        <b>Signature:
                           
                        </b>teardown()[pri:0, instance:com.easemob.webim.TestCases.SingleMessageTest@55a1c291]
                     </div>
                     <div>
                        <b>Start time:
                           
                        </b>16:00:41
                     </div>
                     <div>
                        <b>End time:
                           
                        </b>16:00:43
                     </div>
                     <div>
                        <b>Duration:
                           
                        </b>2s
                        
                     </div>
                  </div>
               </td>
            </tr>
            <tr></tr>
         </table>
         <br></br>
      </div>
      <div style="margin-top: 15px; color: gray; text-align: center; font-size: 9px;">
         Generated with
         
         <a href="http://code.google.com/p/testng-xslt/" style="color: #8888aa;"
            target="_blank">
            TestNG XSLT
            
         </a>
      </div>
   </body>
</html>